# JRE version: 7.0_25-b30
# Java VM: OpenJDK 64-Bit Server VM (23.7-b01 mixed mode linux-amd64 compressed oops)
Heap
 PSYoungGen      total 36736K, used 629K [0x00000007d6f60000, 0x00000007d9860000, 0x0000000800000000)
  eden space 31488K, 2% used [0x00000007d6f60000,0x00000007d6ffd728,0x00000007d8e20000)
  from space 5248K, 0% used [0x00000007d9340000,0x00000007d9340000,0x00000007d9860000)
  to   space 5248K, 0% used [0x00000007d8e20000,0x00000007d8e20000,0x00000007d9340000)
 ParOldGen       total 84032K, used 1631K [0x0000000784e00000, 0x000000078a010000, 0x00000007d6f60000)
  object space 84032K, 1% used [0x0000000784e00000,0x0000000784f97fd0,0x000000078a010000)
 PSPermGen       total 24448K, used 13631K [0x000000077a800000, 0x000000077bfe0000, 0x0000000784e00000)
  object space 24448K, 55% used [0x000000077a800000,0x000000077b54ffb8,0x000000077bfe0000)
GC Heap History (8 events):
Event: 0,073 GC heap before
{Heap before GC invocations=1 (full 0):
 PSYoungGen      total 36736K, used 1889K [0x00000007d6f60000, 0x00000007d9860000, 0x0000000800000000)
  eden space 31488K, 6% used [0x00000007d6f60000,0x00000007d7138618,0x00000007d8e20000)
  from space 5248K, 0% used [0x00000007d9340000,0x00000007d9340000,0x00000007d9860000)
  to   space 5248K, 0% used [0x00000007d8e20000,0x00000007d8e20000,0x00000007d9340000)
 ParOldGen       total 84032K, used 0K [0x0000000784e00000, 0x000000078a010000, 0x00000007d6f60000)
  object space 84032K, 0% used [0x0000000784e00000,0x0000000784e00000,0x000000078a010000)
 PSPermGen       total 21248K, used 4381K [0x000000077a800000, 0x000000077bcc0000, 0x0000000784e00000)
  object space 21248K, 20% used [0x000000077a800000,0x000000077ac476c0,0x000000077bcc0000)
Event: 0,074 GC heap after
Heap after GC invocations=1 (full 0):
 PSYoungGen      total 36736K, used 448K [0x00000007d6f60000, 0x00000007d9860000, 0x0000000800000000)
  eden space 31488K, 0% used [0x00000007d6f60000,0x00000007d6f60000,0x00000007d8e20000)
  from space 5248K, 8% used [0x00000007d8e20000,0x00000007d8e90000,0x00000007d9340000)
  to   space 5248K, 0% used [0x00000007d9340000,0x00000007d9340000,0x00000007d9860000)
 ParOldGen       total 84032K, used 0K [0x0000000784e00000, 0x000000078a010000, 0x00000007d6f60000)
  object space 84032K, 0% used [0x0000000784e00000,0x0000000784e00000,0x000000078a010000)
 PSPermGen       total 21248K, used 4381K [0x000000077a800000, 0x000000077bcc0000, 0x0000000784e00000)
  object space 21248K, 20% used [0x000000077a800000,0x000000077ac476c0,0x000000077bcc0000)
}
Event: 0,074 GC heap before
{Heap before GC invocations=2 (full 1):
 PSYoungGen      total 36736K, used 448K [0x00000007d6f60000, 0x00000007d9860000, 0x0000000800000000)
  eden space 31488K, 0% used [0x00000007d6f60000,0x00000007d6f60000,0x00000007d8e20000)
  from space 5248K, 8% used [0x00000007d8e20000,0x00000007d8e90000,0x00000007d9340000)
  to   space 5248K, 0% used [0x00000007d9340000,0x00000007d9340000,0x00000007d9860000)
 ParOldGen       total 84032K, used 0K [0x0000000784e00000, 0x000000078a010000, 0x00000007d6f60000)
  object space 84032K, 0% used [0x0000000784e00000,0x0000000784e00000,0x000000078a010000)
 PSPermGen       total 21248K, used 4381K [0x000000077a800000, 0x000000077bcc0000, 0x0000000784e00000)
  object space 21248K, 20% used [0x000000077a800000,0x000000077ac476c0,0x000000077bcc0000)
Event: 0,079 GC heap after
Heap after GC invocations=2 (full 1):
 PSYoungGen      total 36736K, used 0K [0x00000007d6f60000, 0x00000007d9860000, 0x0000000800000000)
  eden space 31488K, 0% used [0x00000007d6f60000,0x00000007d6f60000,0x00000007d8e20000)
  from space 5248K, 0% used [0x00000007d8e20000,0x00000007d8e20000,0x00000007d9340000)
  to   space 5248K, 0% used [0x00000007d9340000,0x00000007d9340000,0x00000007d9860000)
 ParOldGen       total 84032K, used 399K [0x0000000784e00000, 0x000000078a010000, 0x00000007d6f60000)
  object space 84032K, 0% used [0x0000000784e00000,0x0000000784e63fe8,0x000000078a010000)
 PSPermGen       total 21248K, used 4379K [0x000000077a800000, 0x000000077bcc0000, 0x0000000784e00000)
  object space 21248K, 20% used [0x000000077a800000,0x000000077ac46ca0,0x000000077bcc0000)
}
Event: 3600,079 GC heap before
{Heap before GC invocations=3 (full 1):
 PSYoungGen      total 36736K, used 8521K [0x00000007d6f60000, 0x00000007d9860000, 0x0000000800000000)
  eden space 31488K, 27% used [0x00000007d6f60000,0x00000007d77b24b8,0x00000007d8e20000)
  from space 5248K, 0% used [0x00000007d8e20000,0x00000007d8e20000,0x00000007d9340000)
  to   space 5248K, 0% used [0x00000007d9340000,0x00000007d9340000,0x00000007d9860000)
 ParOldGen       total 84032K, used 399K [0x0000000784e00000, 0x000000078a010000, 0x00000007d6f60000)
  object space 84032K, 0% used [0x0000000784e00000,0x0000000784e63fe8,0x000000078a010000)
 PSPermGen       total 21248K, used 13685K [0x000000077a800000, 0x000000077bcc0000, 0x0000000784e00000)
  object space 21248K, 64% used [0x000000077a800000,0x000000077b55d780,0x000000077bcc0000)
Event: 3600,081 GC heap after
Heap after GC invocations=3 (full 1):
 PSYoungGen      total 36736K, used 1536K [0x00000007d6f60000, 0x00000007d9860000, 0x0000000800000000)
  eden space 31488K, 0% used [0x00000007d6f60000,0x00000007d6f60000,0x00000007d8e20000)
  from space 5248K, 29% used [0x00000007d9340000,0x00000007d94c0000,0x00000007d9860000)
  to   space 5248K, 0% used [0x00000007d8e20000,0x00000007d8e20000,0x00000007d9340000)
 ParOldGen       total 84032K, used 407K [0x0000000784e00000, 0x000000078a010000, 0x00000007d6f60000)
  object space 84032K, 0% used [0x0000000784e00000,0x0000000784e65fe8,0x000000078a010000)
 PSPermGen       total 21248K, used 13685K [0x000000077a800000, 0x000000077bcc0000, 0x0000000784e00000)
  object space 21248K, 64% used [0x000000077a800000,0x000000077b55d780,0x000000077bcc0000)
}
Event: 3600,081 GC heap before
{Heap before GC invocations=4 (full 2):
 PSYoungGen      total 36736K, used 1536K [0x00000007d6f60000, 0x00000007d9860000, 0x0000000800000000)
  eden space 31488K, 0% used [0x00000007d6f60000,0x00000007d6f60000,0x00000007d8e20000)
  from space 5248K, 29% used [0x00000007d9340000,0x00000007d94c0000,0x00000007d9860000)
  to   space 5248K, 0% used [0x00000007d8e20000,0x00000007d8e20000,0x00000007d9340000)
 ParOldGen       total 84032K, used 407K [0x0000000784e00000, 0x000000078a010000, 0x00000007d6f60000)
  object space 84032K, 0% used [0x0000000784e00000,0x0000000784e65fe8,0x000000078a010000)
 PSPermGen       total 21248K, used 13685K [0x000000077a800000, 0x000000077bcc0000, 0x0000000784e00000)
  object space 21248K, 64% used [0x000000077a800000,0x000000077b55d780,0x000000077bcc0000)
Event: 3600,093 GC heap after
Heap after GC invocations=4 (full 2):
 PSYoungGen      total 36736K, used 0K [0x00000007d6f60000, 0x00000007d9860000, 0x0000000800000000)
  eden space 31488K, 0% used [0x00000007d6f60000,0x00000007d6f60000,0x00000007d8e20000)
  from space 5248K, 0% used [0x00000007d9340000,0x00000007d9340000,0x00000007d9860000)
  to   space 5248K, 0% used [0x00000007d8e20000,0x00000007d8e20000,0x00000007d9340000)
 ParOldGen       total 84032K, used 1631K [0x0000000784e00000, 0x000000078a010000, 0x00000007d6f60000)
  object space 84032K, 1% used [0x0000000784e00000,0x0000000784f97fd0,0x000000078a010000)
 PSPermGen       total 24448K, used 13622K [0x000000077a800000, 0x000000077bfe0000, 0x0000000784e00000)
  object space 24448K, 55% used [0x000000077a800000,0x000000077b54da08,0x000000077bfe0000)
}

