# JRE version: 7.0_25-b30
# Java VM: OpenJDK 64-Bit Server VM (23.7-b01 mixed mode linux-amd64 compressed oops)
Heap
 PSYoungGen      total 36736K, used 629K [0x00000007d6f60000, 0x00000007d9860000, 0x0000000800000000)
  eden space 31488K, 2% used [0x00000007d6f60000,0x00000007d6ffd740,0x00000007d8e20000)
  from space 5248K, 0% used [0x00000007d8e20000,0x00000007d8e20000,0x00000007d9340000)
  to   space 5248K, 0% used [0x00000007d9340000,0x00000007d9340000,0x00000007d9860000)
 ParOldGen       total 84032K, used 1522K [0x0000000784e00000, 0x000000078a010000, 0x00000007d6f60000)
  object space 84032K, 1% used [0x0000000784e00000,0x0000000784f7cb28,0x000000078a010000)
 PSPermGen       total 29568K, used 13463K [0x000000077a800000, 0x000000077c4e0000, 0x0000000784e00000)
  object space 29568K, 45% used [0x000000077a800000,0x000000077b525d68,0x000000077c4e0000)
GC Heap History (10 events):
Event: 1976,934 GC heap before
{Heap before GC invocations=2 (full 1):
 PSYoungGen      total 36736K, used 1792K [0x00000007d6f60000, 0x00000007d9860000, 0x0000000800000000)
  eden space 31488K, 0% used [0x00000007d6f60000,0x00000007d6f60000,0x00000007d8e20000)
  from space 5248K, 34% used [0x00000007d8e20000,0x00000007d8fe0000,0x00000007d9340000)
  to   space 5248K, 0% used [0x00000007d9340000,0x00000007d9340000,0x00000007d9860000)
 ParOldGen       total 84032K, used 8K [0x0000000784e00000, 0x000000078a010000, 0x00000007d6f60000)
  object space 84032K, 0% used [0x0000000784e00000,0x0000000784e02000,0x000000078a010000)
 PSPermGen       total 21248K, used 13514K [0x000000077a800000, 0x000000077bcc0000, 0x0000000784e00000)
  object space 21248K, 63% used [0x000000077a800000,0x000000077b532880,0x000000077bcc0000)
Event: 1977,001 GC heap after
Heap after GC invocations=2 (full 1):
 PSYoungGen      total 36736K, used 0K [0x00000007d6f60000, 0x00000007d9860000, 0x0000000800000000)
  eden space 31488K, 0% used [0x00000007d6f60000,0x00000007d6f60000,0x00000007d8e20000)
  from space 5248K, 0% used [0x00000007d8e20000,0x00000007d8e20000,0x00000007d9340000)
  to   space 5248K, 0% used [0x00000007d9340000,0x00000007d9340000,0x00000007d9860000)
 ParOldGen       total 84032K, used 1541K [0x0000000784e00000, 0x000000078a010000, 0x00000007d6f60000)
  object space 84032K, 1% used [0x0000000784e00000,0x0000000784f81690,0x000000078a010000)
 PSPermGen       total 27520K, used 13448K [0x000000077a800000, 0x000000077c2e0000, 0x0000000784e00000)
  object space 27520K, 48% used [0x000000077a800000,0x000000077b522158,0x000000077c2e0000)
}
Event: 5577,004 GC heap before
{Heap before GC invocations=3 (full 1):
 PSYoungGen      total 36736K, used 1889K [0x00000007d6f60000, 0x00000007d9860000, 0x0000000800000000)
  eden space 31488K, 6% used [0x00000007d6f60000,0x00000007d71385a8,0x00000007d8e20000)
  from space 5248K, 0% used [0x00000007d8e20000,0x00000007d8e20000,0x00000007d9340000)
  to   space 5248K, 0% used [0x00000007d9340000,0x00000007d9340000,0x00000007d9860000)
 ParOldGen       total 84032K, used 1541K [0x0000000784e00000, 0x000000078a010000, 0x00000007d6f60000)
  object space 84032K, 1% used [0x0000000784e00000,0x0000000784f81690,0x000000078a010000)
 PSPermGen       total 27520K, used 13449K [0x000000077a800000, 0x000000077c2e0000, 0x0000000784e00000)
  object space 27520K, 48% used [0x000000077a800000,0x000000077b5227d0,0x000000077c2e0000)
Event: 5577,004 GC heap after
Heap after GC invocations=3 (full 1):
 PSYoungGen      total 36736K, used 32K [0x00000007d6f60000, 0x00000007d9860000, 0x0000000800000000)
  eden space 31488K, 0% used [0x00000007d6f60000,0x00000007d6f60000,0x00000007d8e20000)
  from space 5248K, 0% used [0x00000007d9340000,0x00000007d9348000,0x00000007d9860000)
  to   space 5248K, 0% used [0x00000007d8e20000,0x00000007d8e20000,0x00000007d9340000)
 ParOldGen       total 84032K, used 1541K [0x0000000784e00000, 0x000000078a010000, 0x00000007d6f60000)
  object space 84032K, 1% used [0x0000000784e00000,0x0000000784f81690,0x000000078a010000)
 PSPermGen       total 27520K, used 13449K [0x000000077a800000, 0x000000077c2e0000, 0x0000000784e00000)
  object space 27520K, 48% used [0x000000077a800000,0x000000077b5227d0,0x000000077c2e0000)
}
Event: 5577,004 GC heap before
{Heap before GC invocations=4 (full 2):
 PSYoungGen      total 36736K, used 32K [0x00000007d6f60000, 0x00000007d9860000, 0x0000000800000000)
  eden space 31488K, 0% used [0x00000007d6f60000,0x00000007d6f60000,0x00000007d8e20000)
  from space 5248K, 0% used [0x00000007d9340000,0x00000007d9348000,0x00000007d9860000)
  to   space 5248K, 0% used [0x00000007d8e20000,0x00000007d8e20000,0x00000007d9340000)
 ParOldGen       total 84032K, used 1541K [0x0000000784e00000, 0x000000078a010000, 0x00000007d6f60000)
  object space 84032K, 1% used [0x0000000784e00000,0x0000000784f81690,0x000000078a010000)
 PSPermGen       total 27520K, used 13449K [0x000000077a800000, 0x000000077c2e0000, 0x0000000784e00000)
  object space 27520K, 48% used [0x000000077a800000,0x000000077b5227d0,0x000000077c2e0000)
Event: 5577,047 GC heap after
Heap after GC invocations=4 (full 2):
 PSYoungGen      total 36736K, used 0K [0x00000007d6f60000, 0x00000007d9860000, 0x0000000800000000)
  eden space 31488K, 0% used [0x00000007d6f60000,0x00000007d6f60000,0x00000007d8e20000)
  from space 5248K, 0% used [0x00000007d9340000,0x00000007d9340000,0x00000007d9860000)
  to   space 5248K, 0% used [0x00000007d8e20000,0x00000007d8e20000,0x00000007d9340000)
 ParOldGen       total 84032K, used 1522K [0x0000000784e00000, 0x000000078a010000, 0x00000007d6f60000)
  object space 84032K, 1% used [0x0000000784e00000,0x0000000784f7c9e0,0x000000078a010000)
 PSPermGen       total 30656K, used 13449K [0x000000077a800000, 0x000000077c5f0000, 0x0000000784e00000)
  object space 30656K, 43% used [0x000000077a800000,0x000000077b5227d0,0x000000077c5f0000)
}
Event: 9177,047 GC heap before
{Heap before GC invocations=5 (full 2):
 PSYoungGen      total 36736K, used 1259K [0x00000007d6f60000, 0x00000007d9860000, 0x0000000800000000)
  eden space 31488K, 4% used [0x00000007d6f60000,0x00000007d709ae58,0x00000007d8e20000)
  from space 5248K, 0% used [0x00000007d9340000,0x00000007d9340000,0x00000007d9860000)
  to   space 5248K, 0% used [0x00000007d8e20000,0x00000007d8e20000,0x00000007d9340000)
 ParOldGen       total 84032K, used 1522K [0x0000000784e00000, 0x000000078a010000, 0x00000007d6f60000)
  object space 84032K, 1% used [0x0000000784e00000,0x0000000784f7c9e0,0x000000078a010000)
 PSPermGen       total 30656K, used 13451K [0x000000077a800000, 0x000000077c5f0000, 0x0000000784e00000)
  object space 30656K, 43% used [0x000000077a800000,0x000000077b522fd8,0x000000077c5f0000)
Event: 9177,053 GC heap after
Heap after GC invocations=5 (full 2):
 PSYoungGen      total 36736K, used 32K [0x00000007d6f60000, 0x00000007d9860000, 0x0000000800000000)
  eden space 31488K, 0% used [0x00000007d6f60000,0x00000007d6f60000,0x00000007d8e20000)
  from space 5248K, 0% used [0x00000007d8e20000,0x00000007d8e28000,0x00000007d9340000)
  to   space 5248K, 0% used [0x00000007d9340000,0x00000007d9340000,0x00000007d9860000)
 ParOldGen       total 84032K, used 1522K [0x0000000784e00000, 0x000000078a010000, 0x00000007d6f60000)
  object space 84032K, 1% used [0x0000000784e00000,0x0000000784f7c9e0,0x000000078a010000)
 PSPermGen       total 30656K, used 13451K [0x000000077a800000, 0x000000077c5f0000, 0x0000000784e00000)
  object space 30656K, 43% used [0x000000077a800000,0x000000077b522fd8,0x000000077c5f0000)
}
Event: 9177,053 GC heap before
{Heap before GC invocations=6 (full 3):
 PSYoungGen      total 36736K, used 32K [0x00000007d6f60000, 0x00000007d9860000, 0x0000000800000000)
  eden space 31488K, 0% used [0x00000007d6f60000,0x00000007d6f60000,0x00000007d8e20000)
  from space 5248K, 0% used [0x00000007d8e20000,0x00000007d8e28000,0x00000007d9340000)
  to   space 5248K, 0% used [0x00000007d9340000,0x00000007d9340000,0x00000007d9860000)
 ParOldGen       total 84032K, used 1522K [0x0000000784e00000, 0x000000078a010000, 0x00000007d6f60000)
  object space 84032K, 1% used [0x0000000784e00000,0x0000000784f7c9e0,0x000000078a010000)
 PSPermGen       total 30656K, used 13451K [0x000000077a800000, 0x000000077c5f0000, 0x0000000784e00000)
  object space 30656K, 43% used [0x000000077a800000,0x000000077b522fd8,0x000000077c5f0000)
Event: 9177,064 GC heap after
Heap after GC invocations=6 (full 3):
 PSYoungGen      total 36736K, used 0K [0x00000007d6f60000, 0x00000007d9860000, 0x0000000800000000)
  eden space 31488K, 0% used [0x00000007d6f60000,0x00000007d6f60000,0x00000007d8e20000)
  from space 5248K, 0% used [0x00000007d8e20000,0x00000007d8e20000,0x00000007d9340000)
  to   space 5248K, 0% used [0x00000007d9340000,0x00000007d9340000,0x00000007d9860000)
 ParOldGen       total 84032K, used 1522K [0x0000000784e00000, 0x000000078a010000, 0x00000007d6f60000)
  object space 84032K, 1% used [0x0000000784e00000,0x0000000784f7cb28,0x000000078a010000)
 PSPermGen       total 29568K, used 13451K [0x000000077a800000, 0x000000077c4e0000, 0x0000000784e00000)
  object space 29568K, 45% used [0x000000077a800000,0x000000077b522fb8,0x000000077c4e0000)
}

